DEB [20161221-00:56:36.910] thr=1   paramiko.transport: starting thread (client mode): 0x2acf2590L
DEB [20161221-00:56:36.911] thr=1   paramiko.transport: Local version/idstring: SSH-2.0-paramiko_2.1.1
DEB [20161221-00:56:36.918] thr=1   paramiko.transport: Remote version/idstring: SSH-2.0-OpenSSH_7.2p2 Ubuntu-4ubuntu2.1
INF [20161221-00:56:36.918] thr=1   paramiko.transport: Connected (version 2.0, client OpenSSH_7.2p2)
DEB [20161221-00:56:36.919] thr=1   paramiko.transport: kex algos:[u'curve25519-sha256@libssh.org', u'ecdh-sha2-nistp256', u'ecdh-sha2-nistp384', u'ecdh-sha2-nistp521', u'diffie-hellman-group-exchange-sha256', u'diffie-hellman-group14-sha1'] server key:[u'ssh-rsa', u'rsa-sha2-512', u'rsa-sha2-256', u'ecdsa-sha2-nistp256', u'ssh-ed25519'] client encrypt:[u'chacha20-poly1305@openssh.com', u'aes128-ctr', u'aes192-ctr', u'aes256-ctr', u'aes128-gcm@openssh.com', u'aes256-gcm@openssh.com'] server encrypt:[u'chacha20-poly1305@openssh.com', u'aes128-ctr', u'aes192-ctr', u'aes256-ctr', u'aes128-gcm@openssh.com', u'aes256-gcm@openssh.com'] client mac:[u'umac-64-etm@openssh.com', u'umac-128-etm@openssh.com', u'hmac-sha2-256-etm@openssh.com', u'hmac-sha2-512-etm@openssh.com', u'hmac-sha1-etm@openssh.com', u'umac-64@openssh.com', u'umac-128@openssh.com', u'hmac-sha2-256', u'hmac-sha2-512', u'hmac-sha1'] server mac:[u'umac-64-etm@openssh.com', u'umac-128-etm@openssh.com', u'hmac-sha2-256-etm@openssh.com', u'hmac-sha2-512-etm@openssh.com', u'hmac-sha1-etm@openssh.com', u'umac-64@openssh.com', u'umac-128@openssh.com', u'hmac-sha2-256', u'hmac-sha2-512', u'hmac-sha1'] client compress:[u'none', u'zlib@openssh.com'] server compress:[u'none', u'zlib@openssh.com'] client lang:[u''] server lang:[u''] kex follows?False
DEB [20161221-00:56:36.920] thr=1   paramiko.transport: Kex agreed: diffie-hellman-group14-sha1
DEB [20161221-00:56:36.920] thr=1   paramiko.transport: Cipher agreed: aes128-ctr
DEB [20161221-00:56:36.920] thr=1   paramiko.transport: MAC agreed: hmac-sha2-256
DEB [20161221-00:56:36.920] thr=1   paramiko.transport: Compression agreed: none
DEB [20161221-00:56:37.143] thr=1   paramiko.transport: kex engine KexGroup14 specified hash_algo <built-in function openssl_sha1>
DEB [20161221-00:56:37.144] thr=1   paramiko.transport: Switch to new keys ...
DEB [20161221-00:56:37.152] thr=2   paramiko.transport: Adding ssh-rsa host key for 127.0.0.1: dab9540e33f9a0ac2f7f0bc20b9c9faa
DEB [20161221-00:56:37.182] thr=1   paramiko.transport: userauth is OK
INF [20161221-00:56:39.300] thr=1   paramiko.transport: Authentication (password) failed.
DEB [20161221-00:56:39.321] thr=3   paramiko.transport: starting thread (client mode): 0x2acdaa90L
DEB [20161221-00:56:39.322] thr=3   paramiko.transport: Local version/idstring: SSH-2.0-paramiko_2.1.1
DEB [20161221-00:56:39.322] thr=3   paramiko.transport: Remote version/idstring: SSH-2.0-OpenSSH_7.2p2 Ubuntu-4ubuntu2.1
INF [20161221-00:56:39.322] thr=3   paramiko.transport: Connected (version 2.0, client OpenSSH_7.2p2)
DEB [20161221-00:56:39.327] thr=3   paramiko.transport: kex algos:[u'curve25519-sha256@libssh.org', u'ecdh-sha2-nistp256', u'ecdh-sha2-nistp384', u'ecdh-sha2-nistp521', u'diffie-hellman-group-exchange-sha256', u'diffie-hellman-group14-sha1'] server key:[u'ssh-rsa', u'rsa-sha2-512', u'rsa-sha2-256', u'ecdsa-sha2-nistp256', u'ssh-ed25519'] client encrypt:[u'chacha20-poly1305@openssh.com', u'aes128-ctr', u'aes192-ctr', u'aes256-ctr', u'aes128-gcm@openssh.com', u'aes256-gcm@openssh.com'] server encrypt:[u'chacha20-poly1305@openssh.com', u'aes128-ctr', u'aes192-ctr', u'aes256-ctr', u'aes128-gcm@openssh.com', u'aes256-gcm@openssh.com'] client mac:[u'umac-64-etm@openssh.com', u'umac-128-etm@openssh.com', u'hmac-sha2-256-etm@openssh.com', u'hmac-sha2-512-etm@openssh.com', u'hmac-sha1-etm@openssh.com', u'umac-64@openssh.com', u'umac-128@openssh.com', u'hmac-sha2-256', u'hmac-sha2-512', u'hmac-sha1'] server mac:[u'umac-64-etm@openssh.com', u'umac-128-etm@openssh.com', u'hmac-sha2-256-etm@openssh.com', u'hmac-sha2-512-etm@openssh.com', u'hmac-sha1-etm@openssh.com', u'umac-64@openssh.com', u'umac-128@openssh.com', u'hmac-sha2-256', u'hmac-sha2-512', u'hmac-sha1'] client compress:[u'none', u'zlib@openssh.com'] server compress:[u'none', u'zlib@openssh.com'] client lang:[u''] server lang:[u''] kex follows?False
DEB [20161221-00:56:39.327] thr=3   paramiko.transport: Kex agreed: diffie-hellman-group14-sha1
DEB [20161221-00:56:39.327] thr=3   paramiko.transport: Cipher agreed: aes128-ctr
DEB [20161221-00:56:39.328] thr=3   paramiko.transport: MAC agreed: hmac-sha2-256
DEB [20161221-00:56:39.328] thr=3   paramiko.transport: Compression agreed: none
DEB [20161221-00:56:39.409] thr=3   paramiko.transport: kex engine KexGroup14 specified hash_algo <built-in function openssl_sha1>
DEB [20161221-00:56:39.409] thr=3   paramiko.transport: Switch to new keys ...
DEB [20161221-00:56:39.446] thr=3   paramiko.transport: userauth is OK
INF [20161221-00:56:39.461] thr=3   paramiko.transport: Authentication (password) successful!
DEB [20161221-00:56:39.494] thr=2   paramiko.transport: [chan 0] Max packet in: 32768 bytes
DEB [20161221-00:56:39.635] thr=3   paramiko.transport: Received global request "hostkeys-00@openssh.com"
DEB [20161221-00:56:39.635] thr=3   paramiko.transport: Rejecting "hostkeys-00@openssh.com" global request from server.
DEB [20161221-00:56:39.674] thr=3   paramiko.transport: [chan 0] Max packet out: 32768 bytes
DEB [20161221-00:56:39.674] thr=3   paramiko.transport: Secsh channel 0 opened.
DEB [20161221-00:56:39.701] thr=3   paramiko.transport: [chan 0] Sesch channel 0 request ok
DEB [20161221-00:56:39.708] thr=3   paramiko.transport: [chan 0] EOF received (0)
DEB [20161221-00:56:39.723] thr=3   paramiko.transport: EOF in transport thread
DEB [20161221-00:56:40.227] thr=1   paramiko.transport: EOF in transport thread
